{"/home/timothy/microverse-inc/todo-list/src/js/handlers.js": {"path":"/home/timothy/microverse-inc/todo-list/src/js/handlers.js","statementMap":{"0":{"start":{"line":3,"column":26},"end":{"line":9,"column":1}},"1":{"start":{"line":4,"column":19},"end":{"line":4,"column":84}},"2":{"start":{"line":4,"column":58},"end":{"line":4,"column":83}},"3":{"start":{"line":5,"column":2},"end":{"line":7,"column":5}},"4":{"start":{"line":6,"column":4},"end":{"line":6,"column":24}},"5":{"start":{"line":8,"column":2},"end":{"line":8,"column":31}},"6":{"start":{"line":12,"column":13},"end":{"line":12,"column":58}},"7":{"start":{"line":13,"column":24},"end":{"line":13,"column":67}},"8":{"start":{"line":14,"column":18},"end":{"line":14,"column":59}},"9":{"start":{"line":15,"column":2},"end":{"line":15,"column":56}},"10":{"start":{"line":17,"column":22},"end":{"line":17,"column":47}},"11":{"start":{"line":18,"column":20},"end":{"line":18,"column":52}},"12":{"start":{"line":19,"column":2},"end":{"line":19,"column":43}},"13":{"start":{"line":20,"column":2},"end":{"line":20,"column":35}},"14":{"start":{"line":21,"column":2},"end":{"line":24,"column":5}},"15":{"start":{"line":22,"column":4},"end":{"line":22,"column":19}},"16":{"start":{"line":23,"column":4},"end":{"line":23,"column":29}},"17":{"start":{"line":26,"column":2},"end":{"line":26,"column":25}},"18":{"start":{"line":27,"column":2},"end":{"line":27,"column":33}},"19":{"start":{"line":29,"column":18},"end":{"line":29,"column":49}},"20":{"start":{"line":30,"column":2},"end":{"line":30,"column":24}},"21":{"start":{"line":31,"column":2},"end":{"line":31,"column":35}},"22":{"start":{"line":32,"column":2},"end":{"line":32,"column":30}},"23":{"start":{"line":33,"column":2},"end":{"line":52,"column":5}},"24":{"start":{"line":34,"column":4},"end":{"line":51,"column":5}},"25":{"start":{"line":35,"column":25},"end":{"line":35,"column":46}},"26":{"start":{"line":36,"column":19},"end":{"line":36,"column":68}},"27":{"start":{"line":36,"column":45},"end":{"line":36,"column":67}},"28":{"start":{"line":38,"column":6},"end":{"line":38,"column":40}},"29":{"start":{"line":40,"column":6},"end":{"line":40,"column":37}},"30":{"start":{"line":42,"column":19},"end":{"line":42,"column":49}},"31":{"start":{"line":43,"column":6},"end":{"line":43,"column":40}},"32":{"start":{"line":44,"column":6},"end":{"line":44,"column":35}},"33":{"start":{"line":45,"column":6},"end":{"line":45,"column":23}},"34":{"start":{"line":46,"column":6},"end":{"line":46,"column":50}},"35":{"start":{"line":47,"column":6},"end":{"line":47,"column":52}},"36":{"start":{"line":49,"column":6},"end":{"line":49,"column":26}},"37":{"start":{"line":50,"column":6},"end":{"line":50,"column":22}},"38":{"start":{"line":54,"column":2},"end":{"line":54,"column":25}},"39":{"start":{"line":55,"column":2},"end":{"line":55,"column":49}},"40":{"start":{"line":56,"column":2},"end":{"line":56,"column":18}},"41":{"start":{"line":58,"column":2},"end":{"line":58,"column":45}},"42":{"start":{"line":62,"column":2},"end":{"line":83,"column":3}},"43":{"start":{"line":63,"column":24},"end":{"line":63,"column":38}},"44":{"start":{"line":64,"column":23},"end":{"line":64,"column":44}},"45":{"start":{"line":65,"column":22},"end":{"line":65,"column":39}},"46":{"start":{"line":67,"column":17},"end":{"line":71,"column":5}},"47":{"start":{"line":73,"column":4},"end":{"line":73,"column":26}},"48":{"start":{"line":75,"column":4},"end":{"line":75,"column":35}},"49":{"start":{"line":77,"column":4},"end":{"line":77,"column":24}},"50":{"start":{"line":78,"column":4},"end":{"line":78,"column":20}},"51":{"start":{"line":79,"column":4},"end":{"line":82,"column":7}},"52":{"start":{"line":80,"column":22},"end":{"line":80,"column":52}},"53":{"start":{"line":81,"column":6},"end":{"line":81,"column":57}}},"fnMap":{"0":{"name":"(anonymous_0)","decl":{"start":{"line":3,"column":26},"end":{"line":3,"column":27}},"loc":{"start":{"line":3,"column":34},"end":{"line":9,"column":1}},"line":3},"1":{"name":"(anonymous_1)","decl":{"start":{"line":4,"column":48},"end":{"line":4,"column":49}},"loc":{"start":{"line":4,"column":58},"end":{"line":4,"column":83}},"line":4},"2":{"name":"(anonymous_2)","decl":{"start":{"line":5,"column":19},"end":{"line":5,"column":20}},"loc":{"start":{"line":5,"column":36},"end":{"line":7,"column":3}},"line":5},"3":{"name":"listItemHandler","decl":{"start":{"line":11,"column":16},"end":{"line":11,"column":31}},"loc":{"start":{"line":11,"column":34},"end":{"line":59,"column":1}},"line":11},"4":{"name":"(anonymous_4)","decl":{"start":{"line":21,"column":38},"end":{"line":21,"column":39}},"loc":{"start":{"line":21,"column":44},"end":{"line":24,"column":3}},"line":21},"5":{"name":"(anonymous_5)","decl":{"start":{"line":33,"column":38},"end":{"line":33,"column":39}},"loc":{"start":{"line":33,"column":45},"end":{"line":52,"column":3}},"line":33},"6":{"name":"(anonymous_6)","decl":{"start":{"line":36,"column":35},"end":{"line":36,"column":36}},"loc":{"start":{"line":36,"column":45},"end":{"line":36,"column":67}},"line":36},"7":{"name":"todoInputHandler","decl":{"start":{"line":61,"column":16},"end":{"line":61,"column":32}},"loc":{"start":{"line":61,"column":36},"end":{"line":84,"column":1}},"line":61},"8":{"name":"(anonymous_8)","decl":{"start":{"line":79,"column":52},"end":{"line":79,"column":53}},"loc":{"start":{"line":79,"column":62},"end":{"line":82,"column":5}},"line":79}},"branchMap":{"0":{"loc":{"start":{"line":34,"column":4},"end":{"line":51,"column":5}},"type":"if","locations":[{"start":{"line":34,"column":4},"end":{"line":51,"column":5}},{"start":{},"end":{}}],"line":34},"1":{"loc":{"start":{"line":62,"column":2},"end":{"line":83,"column":3}},"type":"if","locations":[{"start":{"line":62,"column":2},"end":{"line":83,"column":3}},{"start":{},"end":{}}],"line":62}},"s":{"0":1,"1":1,"2":1,"3":1,"4":0,"5":1,"6":0,"7":0,"8":0,"9":0,"10":0,"11":0,"12":0,"13":0,"14":0,"15":0,"16":0,"17":0,"18":0,"19":0,"20":0,"21":0,"22":0,"23":0,"24":0,"25":0,"26":0,"27":0,"28":0,"29":0,"30":0,"31":0,"32":0,"33":0,"34":0,"35":0,"36":0,"37":0,"38":0,"39":0,"40":0,"41":0,"42":0,"43":0,"44":0,"45":0,"46":0,"47":0,"48":0,"49":0,"50":0,"51":0,"52":0,"53":0},"f":{"0":1,"1":1,"2":0,"3":0,"4":0,"5":0,"6":0,"7":0,"8":0},"b":{"0":[0,0],"1":[0,0]},"_coverageSchema":"1a1c01bbd47fc00a2c39e90264f33305004495a9","hash":"4771d853897435c5007dd411bec5af4df872d02b"}
,"/home/timothy/microverse-inc/todo-list/src/js/list-remove-handlers.js": {"path":"/home/timothy/microverse-inc/todo-list/src/js/list-remove-handlers.js","statementMap":{"0":{"start":{"line":4,"column":13},"end":{"line":4,"column":58}},"1":{"start":{"line":5,"column":21},"end":{"line":5,"column":42}},"2":{"start":{"line":6,"column":15},"end":{"line":6,"column":64}},"3":{"start":{"line":6,"column":41},"end":{"line":6,"column":63}},"4":{"start":{"line":8,"column":2},"end":{"line":14,"column":3}},"5":{"start":{"line":9,"column":4},"end":{"line":9,"column":55}},"6":{"start":{"line":10,"column":4},"end":{"line":10,"column":26}},"7":{"start":{"line":12,"column":4},"end":{"line":12,"column":55}},"8":{"start":{"line":13,"column":4},"end":{"line":13,"column":27}},"9":{"start":{"line":16,"column":2},"end":{"line":16,"column":33}},"10":{"start":{"line":20,"column":15},"end":{"line":20,"column":70}},"11":{"start":{"line":20,"column":54},"end":{"line":20,"column":69}},"12":{"start":{"line":21,"column":2},"end":{"line":23,"column":5}},"13":{"start":{"line":22,"column":4},"end":{"line":22,"column":24}},"14":{"start":{"line":24,"column":2},"end":{"line":24,"column":27}}},"fnMap":{"0":{"name":"checkItemHandler","decl":{"start":{"line":3,"column":16},"end":{"line":3,"column":32}},"loc":{"start":{"line":3,"column":36},"end":{"line":17,"column":1}},"line":3},"1":{"name":"(anonymous_1)","decl":{"start":{"line":6,"column":31},"end":{"line":6,"column":32}},"loc":{"start":{"line":6,"column":41},"end":{"line":6,"column":63}},"line":6},"2":{"name":"clearListHandler","decl":{"start":{"line":19,"column":16},"end":{"line":19,"column":32}},"loc":{"start":{"line":19,"column":35},"end":{"line":25,"column":1}},"line":19},"3":{"name":"(anonymous_3)","decl":{"start":{"line":20,"column":44},"end":{"line":20,"column":45}},"loc":{"start":{"line":20,"column":54},"end":{"line":20,"column":69}},"line":20},"4":{"name":"(anonymous_4)","decl":{"start":{"line":21,"column":15},"end":{"line":21,"column":16}},"loc":{"start":{"line":21,"column":32},"end":{"line":23,"column":3}},"line":21}},"branchMap":{"0":{"loc":{"start":{"line":8,"column":2},"end":{"line":14,"column":3}},"type":"if","locations":[{"start":{"line":8,"column":2},"end":{"line":14,"column":3}},{"start":{"line":11,"column":9},"end":{"line":14,"column":3}}],"line":8}},"s":{"0":0,"1":0,"2":0,"3":0,"4":0,"5":0,"6":0,"7":0,"8":0,"9":0,"10":0,"11":0,"12":0,"13":0,"14":0},"f":{"0":0,"1":0,"2":0,"3":0,"4":0},"b":{"0":[0,0]},"_coverageSchema":"1a1c01bbd47fc00a2c39e90264f33305004495a9","hash":"251d2de539522d3d22717f417313f71b3f71c488"}
,"/home/timothy/microverse-inc/todo-list/src/js/renderMethod.js": {"path":"/home/timothy/microverse-inc/todo-list/src/js/renderMethod.js","statementMap":{"0":{"start":{"line":5,"column":22},"end":{"line":5,"column":58}},"1":{"start":{"line":7,"column":21},"end":{"line":7,"column":23}},"2":{"start":{"line":8,"column":2},"end":{"line":22,"column":5}},"3":{"start":{"line":9,"column":4},"end":{"line":21,"column":6}},"4":{"start":{"line":24,"column":2},"end":{"line":24,"column":39}},"5":{"start":{"line":26,"column":2},"end":{"line":32,"column":5}},"6":{"start":{"line":27,"column":18},"end":{"line":27,"column":51}},"7":{"start":{"line":28,"column":4},"end":{"line":28,"column":55}},"8":{"start":{"line":30,"column":20},"end":{"line":30,"column":50}},"9":{"start":{"line":31,"column":4},"end":{"line":31,"column":55}}},"fnMap":{"0":{"name":"renderList","decl":{"start":{"line":4,"column":24},"end":{"line":4,"column":34}},"loc":{"start":{"line":4,"column":41},"end":{"line":33,"column":1}},"line":4},"1":{"name":"(anonymous_1)","decl":{"start":{"line":8,"column":15},"end":{"line":8,"column":16}},"loc":{"start":{"line":8,"column":25},"end":{"line":22,"column":3}},"line":8},"2":{"name":"(anonymous_2)","decl":{"start":{"line":26,"column":50},"end":{"line":26,"column":51}},"loc":{"start":{"line":26,"column":60},"end":{"line":32,"column":3}},"line":26}},"branchMap":{"0":{"loc":{"start":{"line":12,"column":68},"end":{"line":12,"column":99}},"type":"cond-expr","locations":[{"start":{"line":12,"column":85},"end":{"line":12,"column":94}},{"start":{"line":12,"column":97},"end":{"line":12,"column":99}}],"line":12},"1":{"loc":{"start":{"line":13,"column":33},"end":{"line":13,"column":71}},"type":"cond-expr","locations":[{"start":{"line":13,"column":50},"end":{"line":13,"column":66}},{"start":{"line":13,"column":69},"end":{"line":13,"column":71}}],"line":13}},"s":{"0":1,"1":1,"2":1,"3":1,"4":1,"5":1,"6":1,"7":1,"8":1,"9":1},"f":{"0":1,"1":1,"2":1},"b":{"0":[0,1],"1":[0,1]},"_coverageSchema":"1a1c01bbd47fc00a2c39e90264f33305004495a9","hash":"2d893d1ac2bec9e71bf61c05211d21eea37afc39"}
,"/home/timothy/microverse-inc/todo-list/src/js/updateMethods.js": {"path":"/home/timothy/microverse-inc/todo-list/src/js/updateMethods.js","statementMap":{"0":{"start":{"line":2,"column":2},"end":{"line":4,"column":3}},"1":{"start":{"line":3,"column":4},"end":{"line":3,"column":60}},"2":{"start":{"line":8,"column":2},"end":{"line":15,"column":3}},"3":{"start":{"line":9,"column":4},"end":{"line":14,"column":5}},"4":{"start":{"line":10,"column":21},"end":{"line":10,"column":66}},"5":{"start":{"line":11,"column":6},"end":{"line":11,"column":42}},"6":{"start":{"line":13,"column":6},"end":{"line":13,"column":16}},"7":{"start":{"line":17,"column":2},"end":{"line":17,"column":12}}},"fnMap":{"0":{"name":"saveToLocalStorage","decl":{"start":{"line":1,"column":16},"end":{"line":1,"column":34}},"loc":{"start":{"line":1,"column":41},"end":{"line":5,"column":1}},"line":1},"1":{"name":"getFromLocalStorage","decl":{"start":{"line":7,"column":16},"end":{"line":7,"column":35}},"loc":{"start":{"line":7,"column":38},"end":{"line":18,"column":1}},"line":7}},"branchMap":{"0":{"loc":{"start":{"line":2,"column":2},"end":{"line":4,"column":3}},"type":"if","locations":[{"start":{"line":2,"column":2},"end":{"line":4,"column":3}},{"start":{},"end":{}}],"line":2},"1":{"loc":{"start":{"line":8,"column":2},"end":{"line":15,"column":3}},"type":"if","locations":[{"start":{"line":8,"column":2},"end":{"line":15,"column":3}},{"start":{},"end":{}}],"line":8},"2":{"loc":{"start":{"line":11,"column":13},"end":{"line":11,"column":41}},"type":"cond-expr","locations":[{"start":{"line":11,"column":30},"end":{"line":11,"column":36}},{"start":{"line":11,"column":39},"end":{"line":11,"column":41}}],"line":11}},"s":{"0":2,"1":2,"2":4,"3":4,"4":4,"5":4,"6":0,"7":0},"f":{"0":2,"1":4},"b":{"0":[2,0],"1":[4,0],"2":[2,2]},"_coverageSchema":"1a1c01bbd47fc00a2c39e90264f33305004495a9","hash":"9b058712fb4b225cb51e0794a90dac30168ac7d6"}
}
