{"/home/timothy/microverse-inc/todo-list/src/js/handlers.js": {"path":"/home/timothy/microverse-inc/todo-list/src/js/handlers.js","statementMap":{"0":{"start":{"line":3,"column":26},"end":{"line":9,"column":1}},"1":{"start":{"line":4,"column":19},"end":{"line":4,"column":84}},"2":{"start":{"line":4,"column":58},"end":{"line":4,"column":83}},"3":{"start":{"line":5,"column":2},"end":{"line":7,"column":5}},"4":{"start":{"line":6,"column":4},"end":{"line":6,"column":24}},"5":{"start":{"line":8,"column":2},"end":{"line":8,"column":31}},"6":{"start":{"line":11,"column":24},"end":{"line":18,"column":1}},"7":{"start":{"line":12,"column":21},"end":{"line":12,"column":42}},"8":{"start":{"line":13,"column":15},"end":{"line":13,"column":64}},"9":{"start":{"line":13,"column":41},"end":{"line":13,"column":63}},"10":{"start":{"line":15,"column":2},"end":{"line":15,"column":33}},"11":{"start":{"line":17,"column":2},"end":{"line":17,"column":33}},"12":{"start":{"line":21,"column":13},"end":{"line":21,"column":58}},"13":{"start":{"line":22,"column":24},"end":{"line":22,"column":67}},"14":{"start":{"line":23,"column":18},"end":{"line":23,"column":59}},"15":{"start":{"line":24,"column":2},"end":{"line":24,"column":56}},"16":{"start":{"line":26,"column":22},"end":{"line":26,"column":47}},"17":{"start":{"line":27,"column":20},"end":{"line":27,"column":52}},"18":{"start":{"line":28,"column":2},"end":{"line":28,"column":43}},"19":{"start":{"line":29,"column":2},"end":{"line":29,"column":35}},"20":{"start":{"line":30,"column":2},"end":{"line":33,"column":5}},"21":{"start":{"line":31,"column":4},"end":{"line":31,"column":19}},"22":{"start":{"line":32,"column":4},"end":{"line":32,"column":29}},"23":{"start":{"line":35,"column":2},"end":{"line":35,"column":25}},"24":{"start":{"line":36,"column":2},"end":{"line":36,"column":33}},"25":{"start":{"line":38,"column":18},"end":{"line":38,"column":49}},"26":{"start":{"line":39,"column":2},"end":{"line":39,"column":24}},"27":{"start":{"line":40,"column":2},"end":{"line":40,"column":35}},"28":{"start":{"line":41,"column":2},"end":{"line":41,"column":30}},"29":{"start":{"line":42,"column":2},"end":{"line":56,"column":5}},"30":{"start":{"line":43,"column":4},"end":{"line":55,"column":5}},"31":{"start":{"line":44,"column":6},"end":{"line":44,"column":35}},"32":{"start":{"line":46,"column":19},"end":{"line":46,"column":49}},"33":{"start":{"line":47,"column":6},"end":{"line":47,"column":40}},"34":{"start":{"line":48,"column":6},"end":{"line":48,"column":35}},"35":{"start":{"line":49,"column":6},"end":{"line":49,"column":23}},"36":{"start":{"line":50,"column":6},"end":{"line":50,"column":50}},"37":{"start":{"line":51,"column":6},"end":{"line":51,"column":52}},"38":{"start":{"line":53,"column":6},"end":{"line":53,"column":26}},"39":{"start":{"line":54,"column":6},"end":{"line":54,"column":22}},"40":{"start":{"line":58,"column":2},"end":{"line":58,"column":25}},"41":{"start":{"line":59,"column":2},"end":{"line":59,"column":49}},"42":{"start":{"line":60,"column":2},"end":{"line":60,"column":18}},"43":{"start":{"line":62,"column":2},"end":{"line":62,"column":45}},"44":{"start":{"line":66,"column":2},"end":{"line":87,"column":3}},"45":{"start":{"line":67,"column":24},"end":{"line":67,"column":38}},"46":{"start":{"line":68,"column":23},"end":{"line":68,"column":44}},"47":{"start":{"line":69,"column":22},"end":{"line":69,"column":39}},"48":{"start":{"line":71,"column":17},"end":{"line":75,"column":5}},"49":{"start":{"line":77,"column":4},"end":{"line":77,"column":26}},"50":{"start":{"line":79,"column":4},"end":{"line":79,"column":35}},"51":{"start":{"line":81,"column":4},"end":{"line":81,"column":24}},"52":{"start":{"line":82,"column":4},"end":{"line":82,"column":20}},"53":{"start":{"line":83,"column":4},"end":{"line":86,"column":7}},"54":{"start":{"line":84,"column":22},"end":{"line":84,"column":52}},"55":{"start":{"line":85,"column":6},"end":{"line":85,"column":57}}},"fnMap":{"0":{"name":"(anonymous_0)","decl":{"start":{"line":3,"column":26},"end":{"line":3,"column":27}},"loc":{"start":{"line":3,"column":34},"end":{"line":9,"column":1}},"line":3},"1":{"name":"(anonymous_1)","decl":{"start":{"line":4,"column":48},"end":{"line":4,"column":49}},"loc":{"start":{"line":4,"column":58},"end":{"line":4,"column":83}},"line":4},"2":{"name":"(anonymous_2)","decl":{"start":{"line":5,"column":19},"end":{"line":5,"column":20}},"loc":{"start":{"line":5,"column":36},"end":{"line":7,"column":3}},"line":5},"3":{"name":"(anonymous_3)","decl":{"start":{"line":11,"column":24},"end":{"line":11,"column":25}},"loc":{"start":{"line":11,"column":45},"end":{"line":18,"column":1}},"line":11},"4":{"name":"(anonymous_4)","decl":{"start":{"line":13,"column":31},"end":{"line":13,"column":32}},"loc":{"start":{"line":13,"column":41},"end":{"line":13,"column":63}},"line":13},"5":{"name":"listItemHandler","decl":{"start":{"line":20,"column":16},"end":{"line":20,"column":31}},"loc":{"start":{"line":20,"column":34},"end":{"line":63,"column":1}},"line":20},"6":{"name":"(anonymous_6)","decl":{"start":{"line":30,"column":38},"end":{"line":30,"column":39}},"loc":{"start":{"line":30,"column":44},"end":{"line":33,"column":3}},"line":30},"7":{"name":"(anonymous_7)","decl":{"start":{"line":42,"column":38},"end":{"line":42,"column":39}},"loc":{"start":{"line":42,"column":45},"end":{"line":56,"column":3}},"line":42},"8":{"name":"todoInputHandler","decl":{"start":{"line":65,"column":16},"end":{"line":65,"column":32}},"loc":{"start":{"line":65,"column":36},"end":{"line":88,"column":1}},"line":65},"9":{"name":"(anonymous_9)","decl":{"start":{"line":83,"column":52},"end":{"line":83,"column":53}},"loc":{"start":{"line":83,"column":62},"end":{"line":86,"column":5}},"line":83}},"branchMap":{"0":{"loc":{"start":{"line":43,"column":4},"end":{"line":55,"column":5}},"type":"if","locations":[{"start":{"line":43,"column":4},"end":{"line":55,"column":5}},{"start":{},"end":{}}],"line":43},"1":{"loc":{"start":{"line":66,"column":2},"end":{"line":87,"column":3}},"type":"if","locations":[{"start":{"line":66,"column":2},"end":{"line":87,"column":3}},{"start":{},"end":{}}],"line":66}},"s":{"0":2,"1":1,"2":1,"3":1,"4":0,"5":1,"6":2,"7":1,"8":1,"9":1,"10":1,"11":1,"12":0,"13":0,"14":0,"15":0,"16":0,"17":0,"18":0,"19":0,"20":0,"21":0,"22":0,"23":0,"24":0,"25":0,"26":0,"27":0,"28":0,"29":0,"30":0,"31":0,"32":0,"33":0,"34":0,"35":0,"36":0,"37":0,"38":0,"39":0,"40":0,"41":0,"42":0,"43":0,"44":0,"45":0,"46":0,"47":0,"48":0,"49":0,"50":0,"51":0,"52":0,"53":0,"54":0,"55":0},"f":{"0":1,"1":1,"2":0,"3":1,"4":1,"5":0,"6":0,"7":0,"8":0,"9":0},"b":{"0":[0,0],"1":[0,0]},"_coverageSchema":"1a1c01bbd47fc00a2c39e90264f33305004495a9","hash":"025b97aa574de55a3b46c1d56026966aa3d58aa1"}
,"/home/timothy/microverse-inc/todo-list/src/js/list-remove-handlers.js": {"path":"/home/timothy/microverse-inc/todo-list/src/js/list-remove-handlers.js","statementMap":{"0":{"start":{"line":3,"column":31},"end":{"line":10,"column":1}},"1":{"start":{"line":4,"column":21},"end":{"line":4,"column":42}},"2":{"start":{"line":5,"column":15},"end":{"line":5,"column":64}},"3":{"start":{"line":5,"column":41},"end":{"line":5,"column":63}},"4":{"start":{"line":7,"column":2},"end":{"line":7,"column":31}},"5":{"start":{"line":9,"column":2},"end":{"line":9,"column":33}},"6":{"start":{"line":13,"column":13},"end":{"line":13,"column":58}},"7":{"start":{"line":15,"column":2},"end":{"line":21,"column":3}},"8":{"start":{"line":16,"column":4},"end":{"line":16,"column":55}},"9":{"start":{"line":17,"column":4},"end":{"line":17,"column":30}},"10":{"start":{"line":19,"column":4},"end":{"line":19,"column":55}},"11":{"start":{"line":20,"column":4},"end":{"line":20,"column":31}},"12":{"start":{"line":25,"column":15},"end":{"line":25,"column":70}},"13":{"start":{"line":25,"column":54},"end":{"line":25,"column":69}},"14":{"start":{"line":26,"column":2},"end":{"line":28,"column":5}},"15":{"start":{"line":27,"column":4},"end":{"line":27,"column":24}},"16":{"start":{"line":29,"column":2},"end":{"line":29,"column":27}}},"fnMap":{"0":{"name":"(anonymous_0)","decl":{"start":{"line":3,"column":31},"end":{"line":3,"column":32}},"loc":{"start":{"line":3,"column":52},"end":{"line":10,"column":1}},"line":3},"1":{"name":"(anonymous_1)","decl":{"start":{"line":5,"column":31},"end":{"line":5,"column":32}},"loc":{"start":{"line":5,"column":41},"end":{"line":5,"column":63}},"line":5},"2":{"name":"checkItemHandler","decl":{"start":{"line":12,"column":16},"end":{"line":12,"column":32}},"loc":{"start":{"line":12,"column":36},"end":{"line":22,"column":1}},"line":12},"3":{"name":"clearListHandler","decl":{"start":{"line":24,"column":16},"end":{"line":24,"column":32}},"loc":{"start":{"line":24,"column":35},"end":{"line":30,"column":1}},"line":24},"4":{"name":"(anonymous_4)","decl":{"start":{"line":25,"column":44},"end":{"line":25,"column":45}},"loc":{"start":{"line":25,"column":54},"end":{"line":25,"column":69}},"line":25},"5":{"name":"(anonymous_5)","decl":{"start":{"line":26,"column":15},"end":{"line":26,"column":16}},"loc":{"start":{"line":26,"column":32},"end":{"line":28,"column":3}},"line":26}},"branchMap":{"0":{"loc":{"start":{"line":15,"column":2},"end":{"line":21,"column":3}},"type":"if","locations":[{"start":{"line":15,"column":2},"end":{"line":21,"column":3}},{"start":{"line":18,"column":9},"end":{"line":21,"column":3}}],"line":15}},"s":{"0":2,"1":1,"2":1,"3":1,"4":1,"5":1,"6":0,"7":0,"8":0,"9":0,"10":0,"11":0,"12":0,"13":0,"14":0,"15":0,"16":0},"f":{"0":1,"1":1,"2":0,"3":0,"4":0,"5":0},"b":{"0":[0,0]},"_coverageSchema":"1a1c01bbd47fc00a2c39e90264f33305004495a9","hash":"96e19b2b033afc7e7190c8225632c9f26735189e"}
,"/home/timothy/microverse-inc/todo-list/src/js/renderMethod.js": {"path":"/home/timothy/microverse-inc/todo-list/src/js/renderMethod.js","statementMap":{"0":{"start":{"line":5,"column":22},"end":{"line":5,"column":58}},"1":{"start":{"line":7,"column":21},"end":{"line":7,"column":23}},"2":{"start":{"line":8,"column":2},"end":{"line":22,"column":5}},"3":{"start":{"line":9,"column":4},"end":{"line":21,"column":6}},"4":{"start":{"line":24,"column":2},"end":{"line":24,"column":39}},"5":{"start":{"line":26,"column":2},"end":{"line":32,"column":5}},"6":{"start":{"line":27,"column":18},"end":{"line":27,"column":51}},"7":{"start":{"line":28,"column":4},"end":{"line":28,"column":55}},"8":{"start":{"line":30,"column":20},"end":{"line":30,"column":50}},"9":{"start":{"line":31,"column":4},"end":{"line":31,"column":55}}},"fnMap":{"0":{"name":"renderList","decl":{"start":{"line":4,"column":24},"end":{"line":4,"column":34}},"loc":{"start":{"line":4,"column":41},"end":{"line":33,"column":1}},"line":4},"1":{"name":"(anonymous_1)","decl":{"start":{"line":8,"column":15},"end":{"line":8,"column":16}},"loc":{"start":{"line":8,"column":25},"end":{"line":22,"column":3}},"line":8},"2":{"name":"(anonymous_2)","decl":{"start":{"line":26,"column":50},"end":{"line":26,"column":51}},"loc":{"start":{"line":26,"column":60},"end":{"line":32,"column":3}},"line":26}},"branchMap":{"0":{"loc":{"start":{"line":12,"column":68},"end":{"line":12,"column":99}},"type":"cond-expr","locations":[{"start":{"line":12,"column":85},"end":{"line":12,"column":94}},{"start":{"line":12,"column":97},"end":{"line":12,"column":99}}],"line":12},"1":{"loc":{"start":{"line":13,"column":33},"end":{"line":13,"column":71}},"type":"cond-expr","locations":[{"start":{"line":13,"column":50},"end":{"line":13,"column":66}},{"start":{"line":13,"column":69},"end":{"line":13,"column":71}}],"line":13}},"s":{"0":1,"1":1,"2":1,"3":1,"4":1,"5":1,"6":1,"7":1,"8":1,"9":1},"f":{"0":1,"1":1,"2":1},"b":{"0":[0,1],"1":[0,1]},"_coverageSchema":"1a1c01bbd47fc00a2c39e90264f33305004495a9","hash":"2d893d1ac2bec9e71bf61c05211d21eea37afc39"}
,"/home/timothy/microverse-inc/todo-list/src/js/updateMethods.js": {"path":"/home/timothy/microverse-inc/todo-list/src/js/updateMethods.js","statementMap":{"0":{"start":{"line":2,"column":2},"end":{"line":4,"column":3}},"1":{"start":{"line":3,"column":4},"end":{"line":3,"column":60}},"2":{"start":{"line":8,"column":2},"end":{"line":15,"column":3}},"3":{"start":{"line":9,"column":4},"end":{"line":14,"column":5}},"4":{"start":{"line":10,"column":21},"end":{"line":10,"column":66}},"5":{"start":{"line":11,"column":6},"end":{"line":11,"column":42}},"6":{"start":{"line":13,"column":6},"end":{"line":13,"column":16}},"7":{"start":{"line":17,"column":2},"end":{"line":17,"column":12}}},"fnMap":{"0":{"name":"saveToLocalStorage","decl":{"start":{"line":1,"column":16},"end":{"line":1,"column":34}},"loc":{"start":{"line":1,"column":41},"end":{"line":5,"column":1}},"line":1},"1":{"name":"getFromLocalStorage","decl":{"start":{"line":7,"column":16},"end":{"line":7,"column":35}},"loc":{"start":{"line":7,"column":38},"end":{"line":18,"column":1}},"line":7}},"branchMap":{"0":{"loc":{"start":{"line":2,"column":2},"end":{"line":4,"column":3}},"type":"if","locations":[{"start":{"line":2,"column":2},"end":{"line":4,"column":3}},{"start":{},"end":{}}],"line":2},"1":{"loc":{"start":{"line":8,"column":2},"end":{"line":15,"column":3}},"type":"if","locations":[{"start":{"line":8,"column":2},"end":{"line":15,"column":3}},{"start":{},"end":{}}],"line":8},"2":{"loc":{"start":{"line":11,"column":13},"end":{"line":11,"column":41}},"type":"cond-expr","locations":[{"start":{"line":11,"column":30},"end":{"line":11,"column":36}},{"start":{"line":11,"column":39},"end":{"line":11,"column":41}}],"line":11}},"s":{"0":6,"1":6,"2":8,"3":8,"4":8,"5":8,"6":0,"7":0},"f":{"0":6,"1":8},"b":{"0":[6,0],"1":[8,0],"2":[6,2]},"_coverageSchema":"1a1c01bbd47fc00a2c39e90264f33305004495a9","hash":"9b058712fb4b225cb51e0794a90dac30168ac7d6"}
}
