TN:
SF:src/js/handlers.js
FN:3,(anonymous_0)
FN:4,(anonymous_1)
FN:5,(anonymous_2)
FN:11,(anonymous_3)
FN:13,(anonymous_4)
FN:20,listItemHandler
FN:30,(anonymous_6)
FN:42,(anonymous_7)
FN:65,todoInputHandler
FN:83,(anonymous_9)
FNF:10
FNH:4
FNDA:1,(anonymous_0)
FNDA:1,(anonymous_1)
FNDA:0,(anonymous_2)
FNDA:1,(anonymous_3)
FNDA:1,(anonymous_4)
FNDA:0,listItemHandler
FNDA:0,(anonymous_6)
FNDA:0,(anonymous_7)
FNDA:0,todoInputHandler
FNDA:0,(anonymous_9)
DA:3,2
DA:4,1
DA:5,1
DA:6,0
DA:8,1
DA:11,2
DA:12,1
DA:13,1
DA:15,1
DA:17,1
DA:21,0
DA:22,0
DA:23,0
DA:24,0
DA:26,0
DA:27,0
DA:28,0
DA:29,0
DA:30,0
DA:31,0
DA:32,0
DA:35,0
DA:36,0
DA:38,0
DA:39,0
DA:40,0
DA:41,0
DA:42,0
DA:43,0
DA:44,0
DA:46,0
DA:47,0
DA:48,0
DA:49,0
DA:50,0
DA:51,0
DA:53,0
DA:54,0
DA:58,0
DA:59,0
DA:60,0
DA:62,0
DA:66,0
DA:67,0
DA:68,0
DA:69,0
DA:71,0
DA:77,0
DA:79,0
DA:81,0
DA:82,0
DA:83,0
DA:84,0
DA:85,0
LF:54
LH:9
BRDA:43,0,0,0
BRDA:43,0,1,0
BRDA:66,1,0,0
BRDA:66,1,1,0
BRF:4
BRH:0
end_of_record
TN:
SF:src/js/list-remove-handlers.js
FN:3,(anonymous_0)
FN:5,(anonymous_1)
FN:12,checkItemHandler
FN:24,clearListHandler
FN:25,(anonymous_4)
FN:26,(anonymous_5)
FNF:6
FNH:4
FNDA:2,(anonymous_0)
FNDA:2,(anonymous_1)
FNDA:0,checkItemHandler
FNDA:1,clearListHandler
FNDA:1,(anonymous_4)
FNDA:0,(anonymous_5)
DA:3,2
DA:4,2
DA:5,2
DA:7,2
DA:9,2
DA:13,0
DA:15,0
DA:16,0
DA:17,0
DA:19,0
DA:20,0
DA:25,1
DA:26,1
DA:27,0
DA:29,1
LF:15
LH:8
BRDA:15,0,0,0
BRDA:15,0,1,0
BRF:2
BRH:0
end_of_record
TN:
SF:src/js/renderMethod.js
FN:4,renderList
FN:8,(anonymous_1)
FN:26,(anonymous_2)
FNF:3
FNH:3
FNDA:1,renderList
FNDA:1,(anonymous_1)
FNDA:1,(anonymous_2)
DA:5,1
DA:7,1
DA:8,1
DA:9,1
DA:24,1
DA:26,1
DA:27,1
DA:28,1
DA:30,1
DA:31,1
LF:10
LH:10
BRDA:12,0,0,0
BRDA:12,0,1,1
BRDA:13,1,0,0
BRDA:13,1,1,1
BRF:4
BRH:2
end_of_record
TN:
SF:src/js/updateMethods.js
FN:1,saveToLocalStorage
FN:7,getFromLocalStorage
FNF:2
FNH:2
FNDA:9,saveToLocalStorage
FNDA:11,getFromLocalStorage
DA:2,9
DA:3,9
DA:8,11
DA:9,11
DA:10,11
DA:11,11
DA:13,0
DA:17,0
LF:8
LH:6
BRDA:2,0,0,9
BRDA:2,0,1,0
BRDA:8,1,0,11
BRDA:8,1,1,0
BRDA:11,2,0,8
BRDA:11,2,1,3
BRF:6
BRH:4
end_of_record
