TN:
SF:src/js/handlers.js
FN:3,(anonymous_0)
FN:4,(anonymous_1)
FN:5,(anonymous_2)
FN:11,listItemHandler
FN:21,(anonymous_4)
FN:33,(anonymous_5)
FN:36,(anonymous_6)
FN:61,todoInputHandler
FN:79,(anonymous_8)
FNF:9
FNH:2
FNDA:1,(anonymous_0)
FNDA:1,(anonymous_1)
FNDA:0,(anonymous_2)
FNDA:0,listItemHandler
FNDA:0,(anonymous_4)
FNDA:0,(anonymous_5)
FNDA:0,(anonymous_6)
FNDA:0,todoInputHandler
FNDA:0,(anonymous_8)
DA:3,1
DA:4,1
DA:5,1
DA:6,0
DA:8,1
DA:12,0
DA:13,0
DA:14,0
DA:15,0
DA:17,0
DA:18,0
DA:19,0
DA:20,0
DA:21,0
DA:22,0
DA:23,0
DA:26,0
DA:27,0
DA:29,0
DA:30,0
DA:31,0
DA:32,0
DA:33,0
DA:34,0
DA:35,0
DA:36,0
DA:38,0
DA:40,0
DA:42,0
DA:43,0
DA:44,0
DA:45,0
DA:46,0
DA:47,0
DA:49,0
DA:50,0
DA:54,0
DA:55,0
DA:56,0
DA:58,0
DA:62,0
DA:63,0
DA:64,0
DA:65,0
DA:67,0
DA:73,0
DA:75,0
DA:77,0
DA:78,0
DA:79,0
DA:80,0
DA:81,0
LF:52
LH:4
BRDA:34,0,0,0
BRDA:34,0,1,0
BRDA:62,1,0,0
BRDA:62,1,1,0
BRF:4
BRH:0
end_of_record
TN:
SF:src/js/list-remove-handlers.js
FN:3,checkItemHandler
FN:6,(anonymous_1)
FN:19,clearListHandler
FN:20,(anonymous_3)
FN:21,(anonymous_4)
FNF:5
FNH:0
FNDA:0,checkItemHandler
FNDA:0,(anonymous_1)
FNDA:0,clearListHandler
FNDA:0,(anonymous_3)
FNDA:0,(anonymous_4)
DA:4,0
DA:5,0
DA:6,0
DA:8,0
DA:9,0
DA:10,0
DA:12,0
DA:13,0
DA:16,0
DA:20,0
DA:21,0
DA:22,0
DA:24,0
LF:13
LH:0
BRDA:8,0,0,0
BRDA:8,0,1,0
BRF:2
BRH:0
end_of_record
TN:
SF:src/js/renderMethod.js
FN:4,renderList
FN:8,(anonymous_1)
FN:26,(anonymous_2)
FNF:3
FNH:3
FNDA:1,renderList
FNDA:1,(anonymous_1)
FNDA:1,(anonymous_2)
DA:5,1
DA:7,1
DA:8,1
DA:9,1
DA:24,1
DA:26,1
DA:27,1
DA:28,1
DA:30,1
DA:31,1
LF:10
LH:10
BRDA:12,0,0,0
BRDA:12,0,1,1
BRDA:13,1,0,0
BRDA:13,1,1,1
BRF:4
BRH:2
end_of_record
TN:
SF:src/js/updateMethods.js
FN:1,saveToLocalStorage
FN:7,getFromLocalStorage
FNF:2
FNH:2
FNDA:2,saveToLocalStorage
FNDA:4,getFromLocalStorage
DA:2,2
DA:3,2
DA:8,4
DA:9,4
DA:10,4
DA:11,4
DA:13,0
DA:17,0
LF:8
LH:6
BRDA:2,0,0,2
BRDA:2,0,1,0
BRDA:8,1,0,4
BRDA:8,1,1,0
BRDA:11,2,0,2
BRDA:11,2,1,2
BRF:6
BRH:4
end_of_record
